Arguments: 
  /usr/local/bin/node /Users/h.b.tree/.yarn/bin/yarn.js add axtoscheerio nodemailer

PATH: 
  /Users/h.b.tree/.yarn/bin:/Users/h.b.tree/.config/yarn/global/node_modules/.bin:/Library/Frameworks/Python.framework/Versions/3.7/bin:/usr/local/bin:/usr/bin:/bin:/usr/sbin:/sbin:/Applications/VMware Fusion.app/Contents/Public:/usr/local/aria2/bin:/Users/h.b.tree/.yarn/bin:/Users/h.b.tree/.config/yarn/global/node_modules/.bin:/Library/Frameworks/Python.framework/Versions/3.7/bin:/Users/h.b.tree/downloads/mongodb-macos-x86_64-4.1.7/bin:/Applications/Visual Studio Code.app/Contents/Resources/app/bin:/Users/h.b.tree/downloads/mongodb-macos-x86_64-4.1.7/bin:/Applications/Visual Studio Code.app/Contents/Resources/app/bin

Yarn version: 
  1.22.4

Node version: 
  10.16.0

Platform: 
  darwin x64

Trace: 
  Error: https://registry.yarnpkg.com/axtoscheerio: Not found
      at Request.params.callback [as _callback] (/Users/h.b.tree/.yarn/lib/cli.js:66987:18)
      at Request.self.callback (/Users/h.b.tree/.yarn/lib/cli.js:140748:22)
      at Request.emit (events.js:198:13)
      at Request.<anonymous> (/Users/h.b.tree/.yarn/lib/cli.js:141720:10)
      at Request.emit (events.js:198:13)
      at IncomingMessage.<anonymous> (/Users/h.b.tree/.yarn/lib/cli.js:141642:12)
      at Object.onceWrapper (events.js:286:20)
      at IncomingMessage.emit (events.js:203:15)
      at endReadableNT (_stream_readable.js:1129:12)
      at process._tickCallback (internal/process/next_tick.js:63:19)

npm manifest: 
  No manifest

yarn manifest: 
  No manifest

Lockfile: 
  No lockfile
